2024-08-21 15:17:47,085 - INFO - Starting data generation process...
2024-08-21 15:17:47,085 - INFO - Reading data from /home/ijaradar/Work/dl-trafic-prediction-gsm/datasets/raw_data/VAMOS/filtered_dataset_23.csv...
2024-08-21 15:17:57,904 - INFO - Processing datetime column...
2024-08-21 15:17:59,629 - INFO - Pivoting the data...
2024-08-21 15:18:03,967 - INFO - Resampling the data...
2024-08-21 15:18:04,048 - INFO - Raw time series shape: (157248, 23)
2024-08-21 15:18:04,049 - INFO - Splitting data into train/validation/test sets...
2024-08-21 15:18:04,049 - INFO - Training samples: 94335, Validation samples: 31445, Test samples: 31445
2024-08-21 15:18:04,084 - INFO - Normalizing data...
2024-08-21 15:18:04,098 - INFO - Adding temporal features...
2024-08-21 15:18:04,199 - INFO - Saving processed data and index files...
2024-08-21 15:18:04,301 - INFO - Data generation completed successfully!
2024-08-21 15:18:04,308 - INFO - Starting data generation process...
2024-08-21 15:18:04,308 - INFO - Reading data from /home/ijaradar/Work/dl-trafic-prediction-gsm/datasets/raw_data/VAMOS/filtered_dataset_23.csv...
2024-08-21 15:18:12,849 - INFO - Processing datetime column...
2024-08-21 15:18:14,167 - INFO - Pivoting the data...
2024-08-21 15:18:17,459 - INFO - Resampling the data...
2024-08-21 15:18:17,515 - INFO - Raw time series shape: (157248, 23)
2024-08-21 15:18:17,515 - INFO - Splitting data into train/validation/test sets...
2024-08-21 15:18:17,515 - INFO - Training samples: 94335, Validation samples: 31445, Test samples: 31445
2024-08-21 15:18:17,534 - INFO - Normalizing data...
2024-08-21 15:18:17,545 - INFO - Adding temporal features...
2024-08-21 15:18:17,632 - INFO - Saving processed data and index files...
2024-08-21 15:18:17,720 - INFO - Data generation completed successfully!
2024-08-21 15:23:48,108 - INFO - Starting data generation process...
2024-08-21 15:23:48,108 - INFO - Reading data from /home/ijaradar/Work/dl-trafic-prediction-gsm/datasets/raw_data/VAMOS/filtered_dataset_23.csv...
2024-08-21 15:23:57,167 - INFO - Processing datetime column...
2024-08-21 15:23:58,836 - INFO - Pivoting the data...
2024-08-21 15:24:02,777 - INFO - Resampling the data...
2024-08-21 15:24:02,865 - INFO - Raw time series shape: (157248, 23)
2024-08-21 15:24:02,866 - INFO - Performing initial statistical analysis...
2024-08-21 15:24:02,869 - INFO - --- Raw Data Statistical Analysis ---
2024-08-21 15:24:02,871 - INFO - Min: 0.0000
2024-08-21 15:24:02,873 - INFO - Max: 185.0000
2024-08-21 15:24:02,875 - INFO - Mean: 13.7412
2024-08-21 15:24:02,884 - INFO - Standard Deviation: 13.8590
2024-08-21 15:24:02,908 - INFO - 25th Percentile: 1.0000
2024-08-21 15:24:02,936 - INFO - 50th Percentile (Median): 10.0000
2024-08-21 15:24:02,965 - INFO - 75th Percentile: 23.0000
2024-08-21 15:24:02,965 - INFO - -------------------------------
2024-08-21 15:24:02,965 - INFO - Splitting data into train/validation/test sets...
2024-08-21 15:24:02,965 - INFO - Training samples: 94335, Validation samples: 31445, Test samples: 31445
2024-08-21 15:24:02,991 - INFO - Normalizing data...
2024-08-21 15:24:03,003 - INFO - Performing statistical analysis on normalized data...
2024-08-21 15:24:03,006 - INFO - --- Normalized Data Statistical Analysis ---
2024-08-21 15:24:03,008 - INFO - Min: -1.2189
2024-08-21 15:24:03,010 - INFO - Max: 15.5123
2024-08-21 15:24:03,012 - INFO - Mean: 0.0024
2024-08-21 15:24:03,022 - INFO - Standard Deviation: 1.0072
2024-08-21 15:24:03,044 - INFO - 25th Percentile: -0.9075
2024-08-21 15:24:03,071 - INFO - 50th Percentile (Median): -0.2109
2024-08-21 15:24:03,104 - INFO - 75th Percentile: 0.7306
2024-08-21 15:24:03,104 - INFO - -------------------------------
2024-08-21 15:24:03,104 - INFO - Adding temporal features...
2024-08-21 15:24:03,200 - INFO - Performing statistical analysis on processed data with temporal features...
2024-08-21 15:24:03,219 - INFO - --- Processed Data with Temporal Features Statistical Analysis ---
2024-08-21 15:24:03,227 - INFO - Min: -1.2189
2024-08-21 15:24:03,237 - INFO - Max: 15.5123
2024-08-21 15:24:03,246 - INFO - Mean: 0.3634
2024-08-21 15:24:03,299 - INFO - Standard Deviation: 0.5483
2024-08-21 15:24:03,407 - INFO - 25th Percentile: 0.1429
2024-08-21 15:24:03,532 - INFO - 50th Percentile (Median): 0.4180
2024-08-21 15:24:03,656 - INFO - 75th Percentile: 0.7143
2024-08-21 15:24:03,656 - INFO - -------------------------------
2024-08-21 15:24:03,657 - INFO - Saving processed data and index files...
2024-08-21 15:24:03,740 - INFO - Data generation completed successfully!
2024-08-21 15:24:03,746 - INFO - Starting data generation process...
2024-08-21 15:24:03,746 - INFO - Reading data from /home/ijaradar/Work/dl-trafic-prediction-gsm/datasets/raw_data/VAMOS/filtered_dataset_23.csv...
2024-08-21 15:24:12,833 - INFO - Processing datetime column...
2024-08-21 15:24:14,496 - INFO - Pivoting the data...
2024-08-21 15:24:18,273 - INFO - Resampling the data...
2024-08-21 15:24:18,340 - INFO - Raw time series shape: (157248, 23)
2024-08-21 15:24:18,340 - INFO - Performing initial statistical analysis...
2024-08-21 15:24:18,343 - INFO - --- Raw Data Statistical Analysis ---
2024-08-21 15:24:18,345 - INFO - Min: 0.0000
2024-08-21 15:24:18,347 - INFO - Max: 185.0000
2024-08-21 15:24:18,349 - INFO - Mean: 13.7412
2024-08-21 15:24:18,356 - INFO - Standard Deviation: 13.8590
2024-08-21 15:24:18,380 - INFO - 25th Percentile: 1.0000
2024-08-21 15:24:18,409 - INFO - 50th Percentile (Median): 10.0000
2024-08-21 15:24:18,436 - INFO - 75th Percentile: 23.0000
2024-08-21 15:24:18,436 - INFO - -------------------------------
2024-08-21 15:24:18,437 - INFO - Splitting data into train/validation/test sets...
2024-08-21 15:24:18,437 - INFO - Training samples: 94335, Validation samples: 31445, Test samples: 31445
2024-08-21 15:24:18,461 - INFO - Normalizing data...
2024-08-21 15:24:18,471 - INFO - Performing statistical analysis on normalized data...
2024-08-21 15:24:18,474 - INFO - --- Normalized Data Statistical Analysis ---
2024-08-21 15:24:18,476 - INFO - Min: -0.9975
2024-08-21 15:24:18,477 - INFO - Max: 12.4846
2024-08-21 15:24:18,479 - INFO - Mean: 0.0039
2024-08-21 15:24:18,487 - INFO - Standard Deviation: 1.0100
2024-08-21 15:24:18,511 - INFO - 25th Percentile: -0.9246
2024-08-21 15:24:18,541 - INFO - 50th Percentile (Median): -0.2687
2024-08-21 15:24:18,570 - INFO - 75th Percentile: 0.6786
2024-08-21 15:24:18,570 - INFO - -------------------------------
2024-08-21 15:24:18,570 - INFO - Adding temporal features...
2024-08-21 15:24:18,677 - INFO - Performing statistical analysis on processed data with temporal features...
2024-08-21 15:24:18,697 - INFO - --- Processed Data with Temporal Features Statistical Analysis ---
2024-08-21 15:24:18,705 - INFO - Min: -0.9975
2024-08-21 15:24:18,714 - INFO - Max: 12.4846
2024-08-21 15:24:18,722 - INFO - Mean: 0.3637
2024-08-21 15:24:18,782 - INFO - Standard Deviation: 0.5491
2024-08-21 15:24:18,906 - INFO - 25th Percentile: 0.1389
2024-08-21 15:24:19,043 - INFO - 50th Percentile (Median): 0.4062
2024-08-21 15:24:19,178 - INFO - 75th Percentile: 0.7097
2024-08-21 15:24:19,178 - INFO - -------------------------------
2024-08-21 15:24:19,178 - INFO - Saving processed data and index files...
2024-08-21 15:24:19,275 - INFO - Data generation completed successfully!
